<?xml version="1.0" encoding="UTF-8"?>
<testng-results skipped="0" failed="0" ignored="0" total="1" passed="1">
  <reporter-output>
  </reporter-output>
  <suite name="Default suite" duration-ms="25547" started-at="2017-10-23T10:07:34Z" finished-at="2017-10-23T10:08:00Z">
    <groups>
    </groups>
    <test name="Default test" duration-ms="25547" started-at="2017-10-23T10:07:34Z" finished-at="2017-10-23T10:08:00Z">
      <class name="example.NewTest">
        <test-method status="PASS" signature="beforeTest()[pri:0, instance:example.NewTest@1bce4f0a]" name="beforeTest" is-config="true" duration-ms="15371" started-at="2017-10-23T15:37:34Z" finished-at="2017-10-23T15:37:49Z">
          <reporter-output>
          </reporter-output>
        </test-method> <!-- beforeTest -->
        <test-method status="PASS" signature="testEasy()[pri:0, instance:example.NewTest@1bce4f0a]" name="testEasy" duration-ms="10145" started-at="2017-10-23T15:37:49Z" finished-at="2017-10-23T15:37:59Z">
          <reporter-output>
          </reporter-output>
        </test-method> <!-- testEasy -->
      </class> <!-- example.NewTest -->
    </test> <!-- Default test -->
  </suite> <!-- Default suite -->
</testng-results>
